2015-04-22 13:58:44,630 [Worker-0] INFO  o.e.m.c.i.l.LifecycleMappingFactory - Using org.eclipse.m2e.jdt.JarLifecycleMapping lifecycle mapping for MavenProject: FileComparison:FileComparison:0.0.1-SNAPSHOT @ /home/anandu/Desktop/Assignment/FileComparison/pom.xml.
2015-04-22 13:58:45,516 [Worker-6] WARN  o.e.m.c.i.embedder.EclipseLogger - Using platform encoding (UTF-8 actually) to copy filtered resources, i.e. build is platform dependent!
2015-04-22 13:58:45,527 [Worker-6] INFO  o.e.m.c.i.embedder.EclipseLogger - skip non existing resourceDirectory /home/anandu/Desktop/Assignment/FileComparison/src/main/resources
2015-04-22 13:58:45,529 [Worker-6] WARN  o.e.m.c.i.embedder.EclipseLogger - Using platform encoding (UTF-8 actually) to copy filtered resources, i.e. build is platform dependent!
2015-04-22 13:58:45,532 [Worker-6] INFO  o.e.m.c.i.embedder.EclipseLogger - skip non existing resourceDirectory /home/anandu/Desktop/Assignment/FileComparison/src/test/resources
2015-04-22 13:58:45,563 [Worker-0] INFO  o.e.m.j.i.AbstractJavaProjectConfigurator - Adding source folder /FileComparison/src
2015-04-22 13:58:45,564 [Worker-0] INFO  o.e.m.j.i.AbstractJavaProjectConfigurator - Not adding source folder /FileComparison/src/test/java because it overlaps with /FileComparison/src
2015-04-22 13:58:45,940 [Worker-0] INFO  o.e.m.c.i.p.ProjectConfigurationManager - Update started
2015-04-22 13:58:46,054 [Worker-0] INFO  o.e.m.c.i.l.LifecycleMappingFactory - Using org.eclipse.m2e.jdt.JarLifecycleMapping lifecycle mapping for MavenProject: FileComparison:FileComparison:0.0.1-SNAPSHOT @ /home/anandu/Desktop/Assignment/FileComparison/pom.xml.
2015-04-22 13:58:46,388 [Worker-0] INFO  o.e.m.j.i.AbstractJavaProjectConfigurator - Adding source folder /FileComparison/src
2015-04-22 13:58:46,389 [Worker-0] INFO  o.e.m.j.i.AbstractJavaProjectConfigurator - Not adding source folder /FileComparison/src/test/java because it overlaps with /FileComparison/src
2015-04-22 13:58:46,481 [Worker-0] INFO  o.e.m.c.i.p.ProjectConfigurationManager - Update completed: 0 sec
2015-04-22 13:58:46,801 [Worker-4] WARN  o.e.m.c.i.embedder.EclipseLogger - Using platform encoding (UTF-8 actually) to copy filtered resources, i.e. build is platform dependent!
2015-04-22 13:58:46,803 [Worker-4] INFO  o.e.m.c.i.embedder.EclipseLogger - skip non existing resourceDirectory /home/anandu/Desktop/Assignment/FileComparison/src/main/resources
2015-04-22 13:58:46,805 [Worker-4] WARN  o.e.m.c.i.embedder.EclipseLogger - Using platform encoding (UTF-8 actually) to copy filtered resources, i.e. build is platform dependent!
2015-04-22 13:58:46,808 [Worker-4] INFO  o.e.m.c.i.embedder.EclipseLogger - skip non existing resourceDirectory /home/anandu/Desktop/Assignment/FileComparison/src/test/resources
2015-04-22 14:02:23,340 [Worker-8] WARN  o.e.m.c.i.embedder.EclipseLogger - Using platform encoding (UTF-8 actually) to copy filtered resources, i.e. build is platform dependent!
2015-04-22 14:02:23,346 [Worker-8] INFO  o.e.m.c.i.embedder.EclipseLogger - skip non existing resourceDirectory /home/anandu/Desktop/Assignment/FileComparison/src/main/resources
2015-04-22 14:02:23,350 [Worker-8] WARN  o.e.m.c.i.embedder.EclipseLogger - Using platform encoding (UTF-8 actually) to copy filtered resources, i.e. build is platform dependent!
2015-04-22 14:02:23,355 [Worker-8] INFO  o.e.m.c.i.embedder.EclipseLogger - skip non existing resourceDirectory /home/anandu/Desktop/Assignment/FileComparison/src/test/resources
2015-04-22 14:02:37,585 [Worker-1] WARN  o.e.m.c.i.embedder.EclipseLogger - Using platform encoding (UTF-8 actually) to copy filtered resources, i.e. build is platform dependent!
2015-04-22 14:02:37,596 [Worker-1] INFO  o.e.m.c.i.embedder.EclipseLogger - skip non existing resourceDirectory /home/anandu/Desktop/Assignment/FileComparison/src/main/resources
2015-04-22 14:02:37,597 [Worker-1] WARN  o.e.m.c.i.embedder.EclipseLogger - Using platform encoding (UTF-8 actually) to copy filtered resources, i.e. build is platform dependent!
2015-04-22 14:02:37,600 [Worker-1] INFO  o.e.m.c.i.embedder.EclipseLogger - skip non existing resourceDirectory /home/anandu/Desktop/Assignment/FileComparison/src/test/resources
2015-04-22 14:02:41,462 [Worker-1] WARN  o.e.m.c.i.embedder.EclipseLogger - Using platform encoding (UTF-8 actually) to copy filtered resources, i.e. build is platform dependent!
2015-04-22 14:02:41,464 [Worker-1] INFO  o.e.m.c.i.embedder.EclipseLogger - skip non existing resourceDirectory /home/anandu/Desktop/Assignment/FileComparison/src/main/resources
2015-04-22 14:02:41,466 [Worker-1] WARN  o.e.m.c.i.embedder.EclipseLogger - Using platform encoding (UTF-8 actually) to copy filtered resources, i.e. build is platform dependent!
2015-04-22 14:02:41,468 [Worker-1] INFO  o.e.m.c.i.embedder.EclipseLogger - skip non existing resourceDirectory /home/anandu/Desktop/Assignment/FileComparison/src/test/resources
2015-04-22 14:02:51,500 [Worker-3] WARN  o.e.m.c.i.embedder.EclipseLogger - Using platform encoding (UTF-8 actually) to copy filtered resources, i.e. build is platform dependent!
2015-04-22 14:02:51,503 [Worker-3] INFO  o.e.m.c.i.embedder.EclipseLogger - skip non existing resourceDirectory /home/anandu/Desktop/Assignment/FileComparison/src/main/resources
2015-04-22 14:02:51,504 [Worker-3] WARN  o.e.m.c.i.embedder.EclipseLogger - Using platform encoding (UTF-8 actually) to copy filtered resources, i.e. build is platform dependent!
2015-04-22 14:02:51,507 [Worker-3] INFO  o.e.m.c.i.embedder.EclipseLogger - skip non existing resourceDirectory /home/anandu/Desktop/Assignment/FileComparison/src/test/resources
2015-04-22 14:03:26,354 [Worker-8] WARN  o.e.m.c.i.embedder.EclipseLogger - Using platform encoding (UTF-8 actually) to copy filtered resources, i.e. build is platform dependent!
2015-04-22 14:03:26,356 [Worker-8] INFO  o.e.m.c.i.embedder.EclipseLogger - skip non existing resourceDirectory /home/anandu/Desktop/Assignment/FileComparison/src/main/resources
2015-04-22 14:03:26,357 [Worker-8] WARN  o.e.m.c.i.embedder.EclipseLogger - Using platform encoding (UTF-8 actually) to copy filtered resources, i.e. build is platform dependent!
2015-04-22 14:03:26,359 [Worker-8] INFO  o.e.m.c.i.embedder.EclipseLogger - skip non existing resourceDirectory /home/anandu/Desktop/Assignment/FileComparison/src/test/resources
2015-04-22 14:04:13,993 [Worker-7] WARN  o.e.m.c.i.embedder.EclipseLogger - Using platform encoding (UTF-8 actually) to copy filtered resources, i.e. build is platform dependent!
2015-04-22 14:04:13,995 [Worker-7] INFO  o.e.m.c.i.embedder.EclipseLogger - skip non existing resourceDirectory /home/anandu/Desktop/Assignment/FileComparison/src/main/resources
2015-04-22 14:04:13,999 [Worker-7] WARN  o.e.m.c.i.embedder.EclipseLogger - Using platform encoding (UTF-8 actually) to copy filtered resources, i.e. build is platform dependent!
2015-04-22 14:04:14,001 [Worker-7] INFO  o.e.m.c.i.embedder.EclipseLogger - skip non existing resourceDirectory /home/anandu/Desktop/Assignment/FileComparison/src/test/resources
2015-04-22 14:04:52,196 [Worker-7] WARN  o.e.m.c.i.embedder.EclipseLogger - Using platform encoding (UTF-8 actually) to copy filtered resources, i.e. build is platform dependent!
2015-04-22 14:04:52,199 [Worker-7] INFO  o.e.m.c.i.embedder.EclipseLogger - skip non existing resourceDirectory /home/anandu/Desktop/Assignment/FileComparison/src/main/resources
2015-04-22 14:04:52,202 [Worker-7] WARN  o.e.m.c.i.embedder.EclipseLogger - Using platform encoding (UTF-8 actually) to copy filtered resources, i.e. build is platform dependent!
2015-04-22 14:04:52,205 [Worker-7] INFO  o.e.m.c.i.embedder.EclipseLogger - skip non existing resourceDirectory /home/anandu/Desktop/Assignment/FileComparison/src/test/resources
2015-04-22 14:04:53,254 [Worker-7] WARN  o.e.m.c.i.embedder.EclipseLogger - Using platform encoding (UTF-8 actually) to copy filtered resources, i.e. build is platform dependent!
2015-04-22 14:04:53,258 [Worker-7] INFO  o.e.m.c.i.embedder.EclipseLogger - skip non existing resourceDirectory /home/anandu/Desktop/Assignment/FileComparison/src/main/resources
2015-04-22 14:04:53,260 [Worker-7] WARN  o.e.m.c.i.embedder.EclipseLogger - Using platform encoding (UTF-8 actually) to copy filtered resources, i.e. build is platform dependent!
2015-04-22 14:04:53,262 [Worker-7] INFO  o.e.m.c.i.embedder.EclipseLogger - skip non existing resourceDirectory /home/anandu/Desktop/Assignment/FileComparison/src/test/resources
2015-04-22 14:06:03,663 [Worker-6] WARN  o.e.m.c.i.embedder.EclipseLogger - Using platform encoding (UTF-8 actually) to copy filtered resources, i.e. build is platform dependent!
2015-04-22 14:06:03,665 [Worker-6] INFO  o.e.m.c.i.embedder.EclipseLogger - skip non existing resourceDirectory /home/anandu/Desktop/Assignment/FileComparison/src/main/resources
2015-04-22 14:06:03,667 [Worker-6] WARN  o.e.m.c.i.embedder.EclipseLogger - Using platform encoding (UTF-8 actually) to copy filtered resources, i.e. build is platform dependent!
2015-04-22 14:06:03,670 [Worker-6] INFO  o.e.m.c.i.embedder.EclipseLogger - skip non existing resourceDirectory /home/anandu/Desktop/Assignment/FileComparison/src/test/resources
2015-04-22 14:06:07,967 [Worker-5] WARN  o.e.m.c.i.embedder.EclipseLogger - Using platform encoding (UTF-8 actually) to copy filtered resources, i.e. build is platform dependent!
2015-04-22 14:06:07,970 [Worker-5] INFO  o.e.m.c.i.embedder.EclipseLogger - skip non existing resourceDirectory /home/anandu/Desktop/Assignment/FileComparison/src/main/resources
2015-04-22 14:06:07,972 [Worker-5] WARN  o.e.m.c.i.embedder.EclipseLogger - Using platform encoding (UTF-8 actually) to copy filtered resources, i.e. build is platform dependent!
2015-04-22 14:06:07,975 [Worker-5] INFO  o.e.m.c.i.embedder.EclipseLogger - skip non existing resourceDirectory /home/anandu/Desktop/Assignment/FileComparison/src/test/resources
2015-04-22 14:06:17,185 [Worker-7] WARN  o.e.m.c.i.embedder.EclipseLogger - Using platform encoding (UTF-8 actually) to copy filtered resources, i.e. build is platform dependent!
2015-04-22 14:06:17,187 [Worker-7] INFO  o.e.m.c.i.embedder.EclipseLogger - skip non existing resourceDirectory /home/anandu/Desktop/Assignment/FileComparison/src/main/resources
2015-04-22 14:06:17,189 [Worker-7] WARN  o.e.m.c.i.embedder.EclipseLogger - Using platform encoding (UTF-8 actually) to copy filtered resources, i.e. build is platform dependent!
2015-04-22 14:06:17,192 [Worker-7] INFO  o.e.m.c.i.embedder.EclipseLogger - skip non existing resourceDirectory /home/anandu/Desktop/Assignment/FileComparison/src/test/resources
2015-04-22 14:06:28,086 [Worker-4] WARN  o.e.m.c.i.embedder.EclipseLogger - Using platform encoding (UTF-8 actually) to copy filtered resources, i.e. build is platform dependent!
2015-04-22 14:06:28,088 [Worker-4] INFO  o.e.m.c.i.embedder.EclipseLogger - skip non existing resourceDirectory /home/anandu/Desktop/Assignment/FileComparison/src/main/resources
2015-04-22 14:06:28,090 [Worker-4] WARN  o.e.m.c.i.embedder.EclipseLogger - Using platform encoding (UTF-8 actually) to copy filtered resources, i.e. build is platform dependent!
2015-04-22 14:06:28,092 [Worker-4] INFO  o.e.m.c.i.embedder.EclipseLogger - skip non existing resourceDirectory /home/anandu/Desktop/Assignment/FileComparison/src/test/resources
2015-04-22 14:20:48,961 [main] INFO  o.e.m2e.actions.ExecutePomAction - Creating new launch configuration
2015-04-22 14:22:54,152 [Worker-3] WARN  o.e.m.c.i.embedder.EclipseLogger - Using platform encoding (UTF-8 actually) to copy filtered resources, i.e. build is platform dependent!
2015-04-22 14:22:54,154 [Worker-3] INFO  o.e.m.c.i.embedder.EclipseLogger - skip non existing resourceDirectory /home/anandu/Desktop/Assignment/FileComparison/src/main/resources
2015-04-22 14:22:54,156 [Worker-3] WARN  o.e.m.c.i.embedder.EclipseLogger - Using platform encoding (UTF-8 actually) to copy filtered resources, i.e. build is platform dependent!
2015-04-22 14:22:54,158 [Worker-3] INFO  o.e.m.c.i.embedder.EclipseLogger - skip non existing resourceDirectory /home/anandu/Desktop/Assignment/FileComparison/src/test/resources
2015-04-22 14:23:43,693 [Worker-4] WARN  o.e.m.c.i.embedder.EclipseLogger - Using platform encoding (UTF-8 actually) to copy filtered resources, i.e. build is platform dependent!
2015-04-22 14:23:43,695 [Worker-4] INFO  o.e.m.c.i.embedder.EclipseLogger - skip non existing resourceDirectory /home/anandu/Desktop/Assignment/FileComparison/src/main/resources
2015-04-22 14:23:43,698 [Worker-4] WARN  o.e.m.c.i.embedder.EclipseLogger - Using platform encoding (UTF-8 actually) to copy filtered resources, i.e. build is platform dependent!
2015-04-22 14:23:43,700 [Worker-4] INFO  o.e.m.c.i.embedder.EclipseLogger - skip non existing resourceDirectory /home/anandu/Desktop/Assignment/FileComparison/src/test/resources
2015-04-22 14:23:50,912 [Worker-0] WARN  o.e.m.c.i.embedder.EclipseLogger - Using platform encoding (UTF-8 actually) to copy filtered resources, i.e. build is platform dependent!
2015-04-22 14:23:50,915 [Worker-0] INFO  o.e.m.c.i.embedder.EclipseLogger - skip non existing resourceDirectory /home/anandu/Desktop/Assignment/FileComparison/src/main/resources
2015-04-22 14:23:50,917 [Worker-0] WARN  o.e.m.c.i.embedder.EclipseLogger - Using platform encoding (UTF-8 actually) to copy filtered resources, i.e. build is platform dependent!
2015-04-22 14:23:50,919 [Worker-0] INFO  o.e.m.c.i.embedder.EclipseLogger - skip non existing resourceDirectory /home/anandu/Desktop/Assignment/FileComparison/src/test/resources
2015-04-22 14:23:55,212 [Worker-3] WARN  o.e.m.c.i.embedder.EclipseLogger - Using platform encoding (UTF-8 actually) to copy filtered resources, i.e. build is platform dependent!
2015-04-22 14:23:55,214 [Worker-3] INFO  o.e.m.c.i.embedder.EclipseLogger - skip non existing resourceDirectory /home/anandu/Desktop/Assignment/FileComparison/src/main/resources
2015-04-22 14:23:55,216 [Worker-3] WARN  o.e.m.c.i.embedder.EclipseLogger - Using platform encoding (UTF-8 actually) to copy filtered resources, i.e. build is platform dependent!
2015-04-22 14:23:55,219 [Worker-3] INFO  o.e.m.c.i.embedder.EclipseLogger - skip non existing resourceDirectory /home/anandu/Desktop/Assignment/FileComparison/src/test/resources
2015-04-22 14:25:03,665 [Worker-0] WARN  o.e.m.c.i.embedder.EclipseLogger - Using platform encoding (UTF-8 actually) to copy filtered resources, i.e. build is platform dependent!
2015-04-22 14:25:03,668 [Worker-0] INFO  o.e.m.c.i.embedder.EclipseLogger - skip non existing resourceDirectory /home/anandu/Desktop/Assignment/FileComparison/src/main/resources
2015-04-22 14:25:03,670 [Worker-0] WARN  o.e.m.c.i.embedder.EclipseLogger - Using platform encoding (UTF-8 actually) to copy filtered resources, i.e. build is platform dependent!
2015-04-22 14:25:03,672 [Worker-0] INFO  o.e.m.c.i.embedder.EclipseLogger - skip non existing resourceDirectory /home/anandu/Desktop/Assignment/FileComparison/src/test/resources
2015-04-22 14:25:07,812 [Worker-1] WARN  o.e.m.c.i.embedder.EclipseLogger - Using platform encoding (UTF-8 actually) to copy filtered resources, i.e. build is platform dependent!
2015-04-22 14:25:07,815 [Worker-1] INFO  o.e.m.c.i.embedder.EclipseLogger - skip non existing resourceDirectory /home/anandu/Desktop/Assignment/FileComparison/src/main/resources
2015-04-22 14:25:07,817 [Worker-1] WARN  o.e.m.c.i.embedder.EclipseLogger - Using platform encoding (UTF-8 actually) to copy filtered resources, i.e. build is platform dependent!
2015-04-22 14:25:07,819 [Worker-1] INFO  o.e.m.c.i.embedder.EclipseLogger - skip non existing resourceDirectory /home/anandu/Desktop/Assignment/FileComparison/src/test/resources
2015-04-22 14:25:56,577 [Worker-2] WARN  o.e.m.c.i.embedder.EclipseLogger - Using platform encoding (UTF-8 actually) to copy filtered resources, i.e. build is platform dependent!
2015-04-22 14:25:56,579 [Worker-2] INFO  o.e.m.c.i.embedder.EclipseLogger - skip non existing resourceDirectory /home/anandu/Desktop/Assignment/FileComparison/src/main/resources
2015-04-22 14:25:56,581 [Worker-2] WARN  o.e.m.c.i.embedder.EclipseLogger - Using platform encoding (UTF-8 actually) to copy filtered resources, i.e. build is platform dependent!
2015-04-22 14:25:56,584 [Worker-2] INFO  o.e.m.c.i.embedder.EclipseLogger - skip non existing resourceDirectory /home/anandu/Desktop/Assignment/FileComparison/src/test/resources
2015-04-22 14:26:00,660 [Worker-6] WARN  o.e.m.c.i.embedder.EclipseLogger - Using platform encoding (UTF-8 actually) to copy filtered resources, i.e. build is platform dependent!
2015-04-22 14:26:00,662 [Worker-6] INFO  o.e.m.c.i.embedder.EclipseLogger - skip non existing resourceDirectory /home/anandu/Desktop/Assignment/FileComparison/src/main/resources
2015-04-22 14:26:00,665 [Worker-6] WARN  o.e.m.c.i.embedder.EclipseLogger - Using platform encoding (UTF-8 actually) to copy filtered resources, i.e. build is platform dependent!
2015-04-22 14:26:00,668 [Worker-6] INFO  o.e.m.c.i.embedder.EclipseLogger - skip non existing resourceDirectory /home/anandu/Desktop/Assignment/FileComparison/src/test/resources
2015-04-22 14:26:04,236 [Worker-6] WARN  o.e.m.c.i.embedder.EclipseLogger - Using platform encoding (UTF-8 actually) to copy filtered resources, i.e. build is platform dependent!
2015-04-22 14:26:04,238 [Worker-6] INFO  o.e.m.c.i.embedder.EclipseLogger - skip non existing resourceDirectory /home/anandu/Desktop/Assignment/FileComparison/src/main/resources
2015-04-22 14:26:04,239 [Worker-6] WARN  o.e.m.c.i.embedder.EclipseLogger - Using platform encoding (UTF-8 actually) to copy filtered resources, i.e. build is platform dependent!
2015-04-22 14:26:04,243 [Worker-6] INFO  o.e.m.c.i.embedder.EclipseLogger - skip non existing resourceDirectory /home/anandu/Desktop/Assignment/FileComparison/src/test/resources
2015-04-22 14:32:39,269 [Worker-9] WARN  o.e.m.c.i.embedder.EclipseLogger - Using platform encoding (UTF-8 actually) to copy filtered resources, i.e. build is platform dependent!
2015-04-22 14:32:39,271 [Worker-9] INFO  o.e.m.c.i.embedder.EclipseLogger - skip non existing resourceDirectory /home/anandu/Desktop/Assignment/FileComparison/src/main/resources
2015-04-22 14:32:39,273 [Worker-9] WARN  o.e.m.c.i.embedder.EclipseLogger - Using platform encoding (UTF-8 actually) to copy filtered resources, i.e. build is platform dependent!
2015-04-22 14:32:39,276 [Worker-9] INFO  o.e.m.c.i.embedder.EclipseLogger - skip non existing resourceDirectory /home/anandu/Desktop/Assignment/FileComparison/src/test/resources
2015-04-22 14:32:40,290 [Worker-6] WARN  o.e.m.c.i.embedder.EclipseLogger - Using platform encoding (UTF-8 actually) to copy filtered resources, i.e. build is platform dependent!
2015-04-22 14:32:40,292 [Worker-6] INFO  o.e.m.c.i.embedder.EclipseLogger - skip non existing resourceDirectory /home/anandu/Desktop/Assignment/FileComparison/src/main/resources
2015-04-22 14:32:40,293 [Worker-6] WARN  o.e.m.c.i.embedder.EclipseLogger - Using platform encoding (UTF-8 actually) to copy filtered resources, i.e. build is platform dependent!
2015-04-22 14:32:40,296 [Worker-6] INFO  o.e.m.c.i.embedder.EclipseLogger - skip non existing resourceDirectory /home/anandu/Desktop/Assignment/FileComparison/src/test/resources
2015-04-22 14:35:17,235 [Worker-8] WARN  o.e.m.c.i.embedder.EclipseLogger - Using platform encoding (UTF-8 actually) to copy filtered resources, i.e. build is platform dependent!
2015-04-22 14:35:17,238 [Worker-8] INFO  o.e.m.c.i.embedder.EclipseLogger - skip non existing resourceDirectory /home/anandu/Desktop/Assignment/FileComparison/src/main/resources
2015-04-22 14:35:17,239 [Worker-8] WARN  o.e.m.c.i.embedder.EclipseLogger - Using platform encoding (UTF-8 actually) to copy filtered resources, i.e. build is platform dependent!
2015-04-22 14:35:17,242 [Worker-8] INFO  o.e.m.c.i.embedder.EclipseLogger - skip non existing resourceDirectory /home/anandu/Desktop/Assignment/FileComparison/src/test/resources
